<?xml version="1.0" encoding="UTF-8"?>
<!-- Generated by org.testng.reporters.JUnitReportReporter -->
<testsuite hostname="Sohail-NYC" failures="0" tests="1" name="hw13_testNG_run_url.TestMethod" time="6.309" errors="0" timestamp="2022-06-25T01:23:37 EDT" skipped="0">
  <testcase classname="hw13_testNG_run_url.TestMethod" name="urlTest" time="6.309"/>
  <system-out/>
</testsuite> <!-- hw13_testNG_run_url.TestMethod -->
