<?xml version="1.0" encoding="UTF-8"?>
<!-- Generated by org.testng.reporters.JUnitReportReporter -->
<testsuite hostname="Sohail-NYC" failures="0" tests="1" name="homeWork14.Hw14_class_locator" time="5.261" errors="0" timestamp="2022-07-14T01:00:11 EDT" skipped="0">
  <testcase classname="homeWork14.Hw14_class_locator" name="test" time="5.261"/>
  <system-out/>
</testsuite> <!-- homeWork14.Hw14_class_locator -->
