<?xml version="1.0" encoding="UTF-8"?>
<!-- Generated by org.testng.reporters.JUnitReportReporter -->
<testsuite hostname="Sohail-NYC" failures="0" tests="1" name="homeWork14.Hw14_name_locator" time="6.443" errors="0" timestamp="2022-07-14T16:42:14 EDT" skipped="0">
  <testcase classname="homeWork14.Hw14_name_locator" name="test" time="6.443"/>
  <system-out/>
</testsuite> <!-- homeWork14.Hw14_name_locator -->
