<?xml version="1.0" encoding="UTF-8"?>
<!-- Generated by org.testng.reporters.JUnitReportReporter -->
<testsuite hostname="Sohail-NYC" failures="0" tests="1" name="homeWork14.Hw14_usingPartialLinkText" time="7.054" errors="0" timestamp="2022-07-14T00:22:07 EDT" skipped="0">
  <testcase classname="homeWork14.Hw14_usingPartialLinkText" name="test" time="7.054"/>
  <system-out/>
</testsuite> <!-- homeWork14.Hw14_usingPartialLinkText -->
